<?xml version="1.0" encoding="UTF-8"?>
<!-- Generated by org.testng.reporters.JUnitXMLReporter -->
<testsuite hostname="DESKTOP-83K4TV4" ignored="0" name="AppiumProject" tests="6" failures="1" timestamp="2020-09-26T17:56:36 IST" time="284.895" errors="0">
  <testcase name="google_task" time="16.643" classname="AppiumProject.Activity1">
    <failure type="org.openqa.selenium.NoSuchElementException" message="An element could not be located on the page using the given search parameters.
For documentation on this error, please visit: http://seleniumhq.org/exceptions/no_such_element.html
Build info: version: &amp;apos;3.141.0&amp;apos;, revision: &amp;apos;2ecb7d9a&amp;apos;, time: &amp;apos;2018-10-31T20:09:30&amp;apos;
System info: host: &amp;apos;DESKTOP-83K4TV4&amp;apos;, ip: &amp;apos;10.59.20.4&amp;apos;, os.name: &amp;apos;Windows 10&amp;apos;, os.arch: &amp;apos;amd64&amp;apos;, os.version: &amp;apos;10.0&amp;apos;, java.version: &amp;apos;1.8.0_181&amp;apos;
Driver info: io.appium.java_client.AppiumDriver
Capabilities {appActivity: .ui.TaskListsActivity, appPackage: com.google.android.apps.tasks, automationName: UiAutomator2, databaseEnabled: false, desired: {appActivity: .ui.TaskListsActivity, appPackage: com.google.android.apps.tasks, automationName: UiAutomator2, deviceId: Z60E1818DA563168, noReset: true, platformName: android}, deviceApiLevel: 24, deviceId: Z60E1818DA563168, deviceManufacturer: LAVA, deviceModel: Z60, deviceName: Z60E1818DA563168, deviceScreenDensity: 240, deviceScreenSize: 480x854, deviceUDID: Z60E1818DA563168, javascriptEnabled: true, locationContextEnabled: false, networkConnectionEnabled: true, noReset: true, pixelRatio: 1.5, platform: LINUX, platformName: android, platformVersion: 7.0, statBarHeight: 36, takesScreenshot: true, viewportRect: {height: 818, left: 0, top: 36, width: 480}, warnings: {}, webStorageEnabled: false}
Session ID: 83ec8211-7734-4a8d-8eed-d974d5e23ec8
*** Element info: {Using=id, value=com.google.android.apps.tasks:id/tasks_fab}">
      <![CDATA[org.openqa.selenium.NoSuchElementException: An element could not be located on the page using the given search parameters.
For documentation on this error, please visit: http://seleniumhq.org/exceptions/no_such_element.html
Build info: version: '3.141.0', revision: '2ecb7d9a', time: '2018-10-31T20:09:30'
System info: host: 'DESKTOP-83K4TV4', ip: '10.59.20.4', os.name: 'Windows 10', os.arch: 'amd64', os.version: '10.0', java.version: '1.8.0_181'
Driver info: io.appium.java_client.AppiumDriver
Capabilities {appActivity: .ui.TaskListsActivity, appPackage: com.google.android.apps.tasks, automationName: UiAutomator2, databaseEnabled: false, desired: {appActivity: .ui.TaskListsActivity, appPackage: com.google.android.apps.tasks, automationName: UiAutomator2, deviceId: Z60E1818DA563168, noReset: true, platformName: android}, deviceApiLevel: 24, deviceId: Z60E1818DA563168, deviceManufacturer: LAVA, deviceModel: Z60, deviceName: Z60E1818DA563168, deviceScreenDensity: 240, deviceScreenSize: 480x854, deviceUDID: Z60E1818DA563168, javascriptEnabled: true, locationContextEnabled: false, networkConnectionEnabled: true, noReset: true, pixelRatio: 1.5, platform: LINUX, platformName: android, platformVersion: 7.0, statBarHeight: 36, takesScreenshot: true, viewportRect: {height: 818, left: 0, top: 36, width: 480}, warnings: {}, webStorageEnabled: false}
Session ID: 83ec8211-7734-4a8d-8eed-d974d5e23ec8
*** Element info: {Using=id, value=com.google.android.apps.tasks:id/tasks_fab}
at org.openqa.selenium.remote.http.W3CHttpResponseCodec.createException(W3CHttpResponseCodec.java:187)
at org.openqa.selenium.remote.http.W3CHttpResponseCodec.decode(W3CHttpResponseCodec.java:122)
at org.openqa.selenium.remote.http.W3CHttpResponseCodec.decode(W3CHttpResponseCodec.java:49)
at org.openqa.selenium.remote.HttpCommandExecutor.execute(HttpCommandExecutor.java:158)
at io.appium.java_client.remote.AppiumCommandExecutor.execute(AppiumCommandExecutor.java:239)
at org.openqa.selenium.remote.RemoteWebDriver.execute(RemoteWebDriver.java:552)
at io.appium.java_client.DefaultGenericMobileDriver.execute(DefaultGenericMobileDriver.java:41)
at io.appium.java_client.AppiumDriver.execute(AppiumDriver.java:1)
at org.openqa.selenium.remote.RemoteWebDriver.findElement(RemoteWebDriver.java:323)
at io.appium.java_client.DefaultGenericMobileDriver.findElement(DefaultGenericMobileDriver.java:61)
at io.appium.java_client.AppiumDriver.findElement(AppiumDriver.java:1)
at org.openqa.selenium.remote.RemoteWebDriver.findElementById(RemoteWebDriver.java:372)
at io.appium.java_client.DefaultGenericMobileDriver.findElementById(DefaultGenericMobileDriver.java:69)
at io.appium.java_client.AppiumDriver.findElementById(AppiumDriver.java:1)
at AppiumProject.Activity1.google_task(Activity1.java:52)
at java.util.ArrayList.forEach(Unknown Source)
... Removed 31 stack frames]]>
    </failure>
  </testcase> <!-- google_task -->
  <testcase name="google_keep" time="20.122" classname="AppiumProject.Activity2"/>
  <testcase name="google_keep_reminder" time="16.255" classname="AppiumProject.Activity3"/>
  <testcase name="google_todolist" time="30.741" classname="AppiumProject.Activity4"/>
  <testcase name="google_login" time="27.482" classname="AppiumProject.Activity5"/>
  <testcase name="google_popup" time="47.142" classname="AppiumProject.Activity6"/>
</testsuite> <!-- AppiumProject -->
